<?xml version="1.0" encoding="UTF-8"?>
<testsuite name="service.demo.store.serviceproduct.controller.ProductControllerTest" tests="1" skipped="0" failures="0" errors="0" timestamp="2023-11-04T18:59:12" hostname="ADRIAN" time="0.402">
  <properties/>
  <testcase name="whenGetProducts_returnListProduct()" classname="service.demo.store.serviceproduct.controller.ProductControllerTest" time="0.402"/>
  <system-out><![CDATA[19:59:07.474 [Test worker] DEBUG org.springframework.test.context.BootstrapUtils - Instantiating CacheAwareContextLoaderDelegate from class [org.springframework.test.context.cache.DefaultCacheAwareContextLoaderDelegate]
19:59:07.485 [Test worker] DEBUG org.springframework.test.context.BootstrapUtils - Instantiating BootstrapContext using constructor [public org.springframework.test.context.support.DefaultBootstrapContext(java.lang.Class,org.springframework.test.context.CacheAwareContextLoaderDelegate)]
19:59:07.520 [Test worker] DEBUG org.springframework.test.context.BootstrapUtils - Instantiating TestContextBootstrapper for test class [service.demo.store.serviceproduct.controller.ProductControllerTest] from class [org.springframework.boot.test.context.SpringBootTestContextBootstrapper]
19:59:07.529 [Test worker] INFO org.springframework.boot.test.context.SpringBootTestContextBootstrapper - Neither @ContextConfiguration nor @ContextHierarchy found for test class [service.demo.store.serviceproduct.controller.ProductControllerTest], using SpringBootContextLoader
19:59:07.534 [Test worker] DEBUG org.springframework.test.context.support.AbstractContextLoader - Did not detect default resource location for test class [service.demo.store.serviceproduct.controller.ProductControllerTest]: class path resource [service/demo/store/serviceproduct/controller/ProductControllerTest-context.xml] does not exist
19:59:07.534 [Test worker] DEBUG org.springframework.test.context.support.AbstractContextLoader - Did not detect default resource location for test class [service.demo.store.serviceproduct.controller.ProductControllerTest]: class path resource [service/demo/store/serviceproduct/controller/ProductControllerTestContext.groovy] does not exist
19:59:07.534 [Test worker] INFO org.springframework.test.context.support.AbstractContextLoader - Could not detect default resource locations for test class [service.demo.store.serviceproduct.controller.ProductControllerTest]: no resource found for suffixes {-context.xml, Context.groovy}.
19:59:07.534 [Test worker] INFO org.springframework.test.context.support.AnnotationConfigContextLoaderUtils - Could not detect default configuration classes for test class [service.demo.store.serviceproduct.controller.ProductControllerTest]: ProductControllerTest does not declare any static, non-private, non-final, nested classes annotated with @Configuration.
19:59:07.645 [Test worker] DEBUG org.springframework.context.annotation.ClassPathScanningCandidateComponentProvider - Identified candidate component class: file [C:\Users\Usuario\Desktop\Proyectos\java\microservicios\service-product\build\classes\java\main\service\demo\store\serviceproduct\ServiceProductApplication.class]
19:59:07.646 [Test worker] INFO org.springframework.boot.test.context.SpringBootTestContextBootstrapper - Found @SpringBootConfiguration service.demo.store.serviceproduct.ServiceProductApplication for test class service.demo.store.serviceproduct.controller.ProductControllerTest
19:59:07.737 [Test worker] DEBUG org.springframework.boot.test.context.SpringBootTestContextBootstrapper - @TestExecutionListeners is not present for class [service.demo.store.serviceproduct.controller.ProductControllerTest]: using defaults.
19:59:07.737 [Test worker] INFO org.springframework.boot.test.context.SpringBootTestContextBootstrapper - Loaded default TestExecutionListener class names from location [META-INF/spring.factories]: [org.springframework.boot.test.autoconfigure.restdocs.RestDocsTestExecutionListener, org.springframework.boot.test.autoconfigure.web.client.MockRestServiceServerResetTestExecutionListener, org.springframework.boot.test.autoconfigure.web.servlet.MockMvcPrintOnlyOnFailureTestExecutionListener, org.springframework.boot.test.autoconfigure.web.servlet.WebDriverTestExecutionListener, org.springframework.boot.test.autoconfigure.webservices.client.MockWebServiceServerTestExecutionListener, org.springframework.boot.test.mock.mockito.MockitoTestExecutionListener, org.springframework.boot.test.mock.mockito.ResetMocksTestExecutionListener, org.springframework.test.context.web.ServletTestExecutionListener, org.springframework.test.context.support.DirtiesContextBeforeModesTestExecutionListener, org.springframework.test.context.event.ApplicationEventsTestExecutionListener, org.springframework.test.context.support.DependencyInjectionTestExecutionListener, org.springframework.test.context.support.DirtiesContextTestExecutionListener, org.springframework.test.context.transaction.TransactionalTestExecutionListener, org.springframework.test.context.jdbc.SqlScriptsTestExecutionListener, org.springframework.test.context.event.EventPublishingTestExecutionListener]
19:59:07.750 [Test worker] INFO org.springframework.boot.test.context.SpringBootTestContextBootstrapper - Using TestExecutionListeners: [org.springframework.test.context.web.ServletTestExecutionListener@11dee337, org.springframework.test.context.support.DirtiesContextBeforeModesTestExecutionListener@460f76a6, org.springframework.test.context.event.ApplicationEventsTestExecutionListener@55f3c410, org.springframework.boot.test.mock.mockito.MockitoTestExecutionListener@11acdc30, org.springframework.boot.test.autoconfigure.SpringBootDependencyInjectionTestExecutionListener@770d4269, org.springframework.test.context.support.DirtiesContextTestExecutionListener@4a8ab068, org.springframework.test.context.transaction.TransactionalTestExecutionListener@1922e6d, org.springframework.test.context.jdbc.SqlScriptsTestExecutionListener@76a82f33, org.springframework.test.context.event.EventPublishingTestExecutionListener@6bab2585, org.springframework.boot.test.autoconfigure.restdocs.RestDocsTestExecutionListener@74bdc168, org.springframework.boot.test.autoconfigure.web.client.MockRestServiceServerResetTestExecutionListener@644c78d4, org.springframework.boot.test.autoconfigure.web.servlet.MockMvcPrintOnlyOnFailureTestExecutionListener@532a02d9, org.springframework.boot.test.autoconfigure.web.servlet.WebDriverTestExecutionListener@611f8234, org.springframework.boot.test.autoconfigure.webservices.client.MockWebServiceServerTestExecutionListener@7bb3a9fe, org.springframework.boot.test.mock.mockito.ResetMocksTestExecutionListener@7cbee484]
19:59:07.753 [Test worker] DEBUG org.springframework.test.context.support.AbstractDirtiesContextTestExecutionListener - Before test class: context [DefaultTestContext@cdc3aae testClass = ProductControllerTest, testInstance = [null], testMethod = [null], testException = [null], mergedContextConfiguration = [WebMergedContextConfiguration@7ef2d7a6 testClass = ProductControllerTest, locations = '{}', classes = '{class service.demo.store.serviceproduct.ServiceProductApplication}', contextInitializerClasses = '[]', activeProfiles = '{test}', propertySourceLocations = '{}', propertySourceProperties = '{org.springframework.boot.test.context.SpringBootTestContextBootstrapper=true, server.port=0}', contextCustomizers = set[org.springframework.boot.test.autoconfigure.actuate.metrics.MetricsExportContextCustomizerFactory$DisableMetricExportContextCustomizer@7a1a3478, org.springframework.boot.test.autoconfigure.properties.PropertyMappingContextCustomizer@4b3fa0b3, org.springframework.boot.test.autoconfigure.web.servlet.WebDriverContextCustomizerFactory$Customizer@7642df8f, [ImportsContextCustomizer@5dcbb60 key = [org.springframework.boot.test.autoconfigure.web.servlet.MockMvcAutoConfiguration, org.springframework.boot.test.autoconfigure.web.servlet.MockMvcWebClientAutoConfiguration, org.springframework.boot.test.autoconfigure.web.servlet.MockMvcWebDriverAutoConfiguration, org.springframework.boot.autoconfigure.security.oauth2.client.servlet.OAuth2ClientAutoConfiguration, org.springframework.boot.autoconfigure.security.oauth2.resource.servlet.OAuth2ResourceServerAutoConfiguration, org.springframework.boot.autoconfigure.security.servlet.SecurityAutoConfiguration, org.springframework.boot.autoconfigure.security.servlet.SecurityFilterAutoConfiguration, org.springframework.boot.autoconfigure.security.servlet.UserDetailsServiceAutoConfiguration, org.springframework.boot.test.autoconfigure.web.servlet.MockMvcSecurityConfiguration]], org.springframework.boot.test.context.filter.ExcludeFilterContextCustomizer@6d23017e, org.springframework.boot.test.json.DuplicateJsonObjectContextCustomizerFactory$DuplicateJsonObjectContextCustomizer@767e20cf, org.springframework.boot.test.mock.mockito.MockitoContextCustomizer@0, org.springframework.boot.test.web.client.TestRestTemplateContextCustomizer@3b00856b, org.springframework.boot.test.context.SpringBootTestArgs@1, org.springframework.boot.test.context.SpringBootTestWebEnvironment@4efac082], resourceBasePath = 'src/main/webapp', contextLoader = 'org.springframework.boot.test.context.SpringBootContextLoader', parent = [null]], attributes = map['org.springframework.test.context.web.ServletTestExecutionListener.activateListener' -> false]], class annotated with @DirtiesContext [false] with mode [null].
19:59:07.768 [Test worker] DEBUG org.springframework.test.context.support.DependencyInjectionTestExecutionListener - Performing dependency injection for test context [[DefaultTestContext@cdc3aae testClass = ProductControllerTest, testInstance = service.demo.store.serviceproduct.controller.ProductControllerTest@25f9407e, testMethod = [null], testException = [null], mergedContextConfiguration = [WebMergedContextConfiguration@7ef2d7a6 testClass = ProductControllerTest, locations = '{}', classes = '{class service.demo.store.serviceproduct.ServiceProductApplication}', contextInitializerClasses = '[]', activeProfiles = '{test}', propertySourceLocations = '{}', propertySourceProperties = '{org.springframework.boot.test.context.SpringBootTestContextBootstrapper=true, server.port=0}', contextCustomizers = set[org.springframework.boot.test.autoconfigure.actuate.metrics.MetricsExportContextCustomizerFactory$DisableMetricExportContextCustomizer@7a1a3478, org.springframework.boot.test.autoconfigure.properties.PropertyMappingContextCustomizer@4b3fa0b3, org.springframework.boot.test.autoconfigure.web.servlet.WebDriverContextCustomizerFactory$Customizer@7642df8f, [ImportsContextCustomizer@5dcbb60 key = [org.springframework.boot.test.autoconfigure.web.servlet.MockMvcAutoConfiguration, org.springframework.boot.test.autoconfigure.web.servlet.MockMvcWebClientAutoConfiguration, org.springframework.boot.test.autoconfigure.web.servlet.MockMvcWebDriverAutoConfiguration, org.springframework.boot.autoconfigure.security.oauth2.client.servlet.OAuth2ClientAutoConfiguration, org.springframework.boot.autoconfigure.security.oauth2.resource.servlet.OAuth2ResourceServerAutoConfiguration, org.springframework.boot.autoconfigure.security.servlet.SecurityAutoConfiguration, org.springframework.boot.autoconfigure.security.servlet.SecurityFilterAutoConfiguration, org.springframework.boot.autoconfigure.security.servlet.UserDetailsServiceAutoConfiguration, org.springframework.boot.test.autoconfigure.web.servlet.MockMvcSecurityConfiguration]], org.springframework.boot.test.context.filter.ExcludeFilterContextCustomizer@6d23017e, org.springframework.boot.test.json.DuplicateJsonObjectContextCustomizerFactory$DuplicateJsonObjectContextCustomizer@767e20cf, org.springframework.boot.test.mock.mockito.MockitoContextCustomizer@0, org.springframework.boot.test.web.client.TestRestTemplateContextCustomizer@3b00856b, org.springframework.boot.test.context.SpringBootTestArgs@1, org.springframework.boot.test.context.SpringBootTestWebEnvironment@4efac082], resourceBasePath = 'src/main/webapp', contextLoader = 'org.springframework.boot.test.context.SpringBootContextLoader', parent = [null]], attributes = map['org.springframework.test.context.web.ServletTestExecutionListener.activateListener' -> false, 'org.springframework.test.context.event.ApplicationEventsTestExecutionListener.recordApplicationEvents' -> false]]].
19:59:07.788 [Test worker] DEBUG org.springframework.core.env.StandardEnvironment - Activating profiles [test]
19:59:07.791 [Test worker] DEBUG org.springframework.test.context.support.TestPropertySourceUtils - Adding inlined properties to environment: {spring.jmx.enabled=false, org.springframework.boot.test.context.SpringBootTestContextBootstrapper=true, server.port=0}

  .   ____          _            __ _ _
 /\\ / ___'_ __ _ _(_)_ __  __ _ \ \ \ \
( ( )\___ | '_ | '_| | '_ \/ _` | \ \ \ \
 \\/  ___)| |_)| | | | | || (_| |  ) ) ) )
  '  |____| .__|_| |_|_| |_\__, | / / / /
 =========|_|==============|___/=/_/_/_/
 :: Spring Boot ::                (v2.5.5)

2023-11-04 19:59:08.068  INFO 15748 --- [    Test worker] s.d.s.s.c.ProductControllerTest          : Starting ProductControllerTest using Java 19.0.2 on adrian with PID 15748 (started by Usuario in C:\Users\Usuario\Desktop\Proyectos\java\microservicios\service-product)
2023-11-04 19:59:08.069  INFO 15748 --- [    Test worker] s.d.s.s.c.ProductControllerTest          : The following profiles are active: test
2023-11-04 19:59:08.865  INFO 15748 --- [    Test worker] .s.d.r.c.RepositoryConfigurationDelegate : Bootstrapping Spring Data JPA repositories in DEFAULT mode.
2023-11-04 19:59:08.921  INFO 15748 --- [    Test worker] .s.d.r.c.RepositoryConfigurationDelegate : Finished Spring Data repository scanning in 46 ms. Found 1 JPA repository interfaces.
2023-11-04 19:59:09.626  INFO 15748 --- [    Test worker] o.s.b.w.embedded.tomcat.TomcatWebServer  : Tomcat initialized with port(s): 0 (http)
2023-11-04 19:59:09.637  INFO 15748 --- [    Test worker] o.apache.catalina.core.StandardService   : Starting service [Tomcat]
2023-11-04 19:59:09.638  INFO 15748 --- [    Test worker] org.apache.catalina.core.StandardEngine  : Starting Servlet engine: [Apache Tomcat/9.0.53]
2023-11-04 19:59:09.747  INFO 15748 --- [    Test worker] o.a.c.c.C.[Tomcat].[localhost].[/]       : Initializing Spring embedded WebApplicationContext
2023-11-04 19:59:09.748  INFO 15748 --- [    Test worker] w.s.c.ServletWebServerApplicationContext : Root WebApplicationContext: initialization completed in 1663 ms
2023-11-04 19:59:10.139  INFO 15748 --- [    Test worker] com.zaxxer.hikari.HikariDataSource       : HikariPool-1 - Starting...
2023-11-04 19:59:10.311  INFO 15748 --- [    Test worker] com.zaxxer.hikari.HikariDataSource       : HikariPool-1 - Start completed.
2023-11-04 19:59:10.368  INFO 15748 --- [    Test worker] o.hibernate.jpa.internal.util.LogHelper  : HHH000204: Processing PersistenceUnitInfo [name: default]
2023-11-04 19:59:10.429  INFO 15748 --- [    Test worker] org.hibernate.Version                    : HHH000412: Hibernate ORM core version 5.4.32.Final
2023-11-04 19:59:10.577  INFO 15748 --- [    Test worker] o.hibernate.annotations.common.Version   : HCANN000001: Hibernate Commons Annotations {5.1.2.Final}
2023-11-04 19:59:10.735  INFO 15748 --- [    Test worker] org.hibernate.dialect.Dialect            : HHH000400: Using dialect: org.hibernate.dialect.PostgreSQLDialect
2023-11-04 19:59:11.377  INFO 15748 --- [    Test worker] o.h.e.t.j.p.i.JtaPlatformInitiator       : HHH000490: Using JtaPlatform implementation: [org.hibernate.engine.transaction.jta.platform.internal.NoJtaPlatform]
2023-11-04 19:59:11.388  INFO 15748 --- [    Test worker] j.LocalContainerEntityManagerFactoryBean : Initialized JPA EntityManagerFactory for persistence unit 'default'
2023-11-04 19:59:11.937  WARN 15748 --- [    Test worker] JpaBaseConfiguration$JpaWebConfiguration : spring.jpa.open-in-view is enabled by default. Therefore, database queries may be performed during view rendering. Explicitly configure spring.jpa.open-in-view to disable this warning
2023-11-04 19:59:12.788  INFO 15748 --- [    Test worker] o.a.c.c.C.[Tomcat].[localhost].[/]       : Initializing Spring TestDispatcherServlet ''
2023-11-04 19:59:12.788  INFO 15748 --- [    Test worker] o.s.t.web.servlet.TestDispatcherServlet  : Initializing Servlet ''
2023-11-04 19:59:12.799  INFO 15748 --- [    Test worker] o.s.b.a.e.web.EndpointLinksResolver      : Exposing 1 endpoint(s) beneath base path '/actuator'
2023-11-04 19:59:12.821  INFO 15748 --- [    Test worker] o.s.t.web.servlet.TestDispatcherServlet  : Completed initialization in 33 ms
2023-11-04 19:59:12.875  INFO 15748 --- [    Test worker] o.s.b.w.embedded.tomcat.TomcatWebServer  : Tomcat started on port(s): 45531 (http) with context path ''
2023-11-04 19:59:12.886  INFO 15748 --- [    Test worker] s.d.s.s.c.ProductControllerTest          : Started ProductControllerTest in 5.093 seconds (JVM running for 6.207)
2023-11-04 19:59:12.965  INFO 15748 --- [    Test worker] o.s.t.c.transaction.TransactionContext   : Began transaction (1) for test context [DefaultTestContext@cdc3aae testClass = ProductControllerTest, testInstance = service.demo.store.serviceproduct.controller.ProductControllerTest@25f9407e, testMethod = whenGetProducts_returnListProduct@ProductControllerTest, testException = [null], mergedContextConfiguration = [WebMergedContextConfiguration@7ef2d7a6 testClass = ProductControllerTest, locations = '{}', classes = '{class service.demo.store.serviceproduct.ServiceProductApplication}', contextInitializerClasses = '[]', activeProfiles = '{test}', propertySourceLocations = '{}', propertySourceProperties = '{org.springframework.boot.test.context.SpringBootTestContextBootstrapper=true, server.port=0}', contextCustomizers = set[org.springframework.boot.test.autoconfigure.actuate.metrics.MetricsExportContextCustomizerFactory$DisableMetricExportContextCustomizer@7a1a3478, org.springframework.boot.test.autoconfigure.properties.PropertyMappingContextCustomizer@4b3fa0b3, org.springframework.boot.test.autoconfigure.web.servlet.WebDriverContextCustomizerFactory$Customizer@7642df8f, [ImportsContextCustomizer@5dcbb60 key = [org.springframework.boot.test.autoconfigure.web.servlet.MockMvcAutoConfiguration, org.springframework.boot.test.autoconfigure.web.servlet.MockMvcWebClientAutoConfiguration, org.springframework.boot.test.autoconfigure.web.servlet.MockMvcWebDriverAutoConfiguration, org.springframework.boot.autoconfigure.security.oauth2.client.servlet.OAuth2ClientAutoConfiguration, org.springframework.boot.autoconfigure.security.oauth2.resource.servlet.OAuth2ResourceServerAutoConfiguration, org.springframework.boot.autoconfigure.security.servlet.SecurityAutoConfiguration, org.springframework.boot.autoconfigure.security.servlet.SecurityFilterAutoConfiguration, org.springframework.boot.autoconfigure.security.servlet.UserDetailsServiceAutoConfiguration, org.springframework.boot.test.autoconfigure.web.servlet.MockMvcSecurityConfiguration]], org.springframework.boot.test.context.filter.ExcludeFilterContextCustomizer@6d23017e, org.springframework.boot.test.json.DuplicateJsonObjectContextCustomizerFactory$DuplicateJsonObjectContextCustomizer@767e20cf, org.springframework.boot.test.mock.mockito.MockitoContextCustomizer@0, org.springframework.boot.test.web.client.TestRestTemplateContextCustomizer@3b00856b, org.springframework.boot.test.context.SpringBootTestArgs@1, org.springframework.boot.test.context.SpringBootTestWebEnvironment@4efac082], resourceBasePath = 'src/main/webapp', contextLoader = 'org.springframework.boot.test.context.SpringBootContextLoader', parent = [null]], attributes = map['org.springframework.test.context.web.ServletTestExecutionListener.activateListener' -> false, 'org.springframework.test.context.event.ApplicationEventsTestExecutionListener.recordApplicationEvents' -> false]]; transaction manager [org.springframework.orm.jpa.JpaTransactionManager@5fa3df]; rollback [true]
Hibernate: select product0_.id as id1_1_, product0_.category_id as category8_1_, product0_.create_at as create_a2_1_, product0_.description as descript3_1_, product0_.name as name4_1_, product0_.price as price5_1_, product0_.status as status6_1_, product0_.stock as stock7_1_ from products.tbl_products product0_
Hibernate: select category0_.id as id1_0_0_, category0_.name as name2_0_0_ from products.tbl_categories category0_ where category0_.id=?
Hibernate: select category0_.id as id1_0_0_, category0_.name as name2_0_0_ from products.tbl_categories category0_ where category0_.id=?
2023-11-04 19:59:13.340  INFO 15748 --- [    Test worker] s.d.s.s.c.ProductControllerTest          : header  : 
{"Content-Type":"application/json"}
2023-11-04 19:59:13.340  INFO 15748 --- [    Test worker] s.d.s.s.c.ProductControllerTest          : body  : 
[{"id":"1","name":"adidas Cloudfoam Ultimate","description":"Walk in the air in the black / black CLOUDFOAM ULTIMATE running shoe from ADIDAS","stock":5.0,"price":178.89,"status":"CREATED","createAt":"2018-09-04T22:00:00.000+00:00","category":{"id":"1","name":"shoes"}},{"id":"2","name":"under armour Men 's Micro G Assert â?? 7","description":"under armour Men 'Lightweight mesh upper delivers complete breathability . Durable leather overlays for stability ","stock":4.0,"price":12.5,"status":"CREATED","createAt":"2018-09-04T22:00:00.000+00:00","category":{"id":"1","name":"shoes"}},{"id":"3","name":"Spring Boot in Action","description":"under armour Men ' Craig Walls is a software developer at Pivotal and is the author of Spring in Action","stock":12.0,"price":40.06,"status":"CREATED","createAt":"2018-09-04T22:00:00.000+00:00","category":{"id":"2","name":"books"}}]
2023-11-04 19:59:13.349  INFO 15748 --- [    Test worker] o.s.t.c.transaction.TransactionContext   : Rolled back transaction for test: [DefaultTestContext@cdc3aae testClass = ProductControllerTest, testInstance = service.demo.store.serviceproduct.controller.ProductControllerTest@25f9407e, testMethod = whenGetProducts_returnListProduct@ProductControllerTest, testException = [null], mergedContextConfiguration = [WebMergedContextConfiguration@7ef2d7a6 testClass = ProductControllerTest, locations = '{}', classes = '{class service.demo.store.serviceproduct.ServiceProductApplication}', contextInitializerClasses = '[]', activeProfiles = '{test}', propertySourceLocations = '{}', propertySourceProperties = '{org.springframework.boot.test.context.SpringBootTestContextBootstrapper=true, server.port=0}', contextCustomizers = set[org.springframework.boot.test.autoconfigure.actuate.metrics.MetricsExportContextCustomizerFactory$DisableMetricExportContextCustomizer@7a1a3478, org.springframework.boot.test.autoconfigure.properties.PropertyMappingContextCustomizer@4b3fa0b3, org.springframework.boot.test.autoconfigure.web.servlet.WebDriverContextCustomizerFactory$Customizer@7642df8f, [ImportsContextCustomizer@5dcbb60 key = [org.springframework.boot.test.autoconfigure.web.servlet.MockMvcAutoConfiguration, org.springframework.boot.test.autoconfigure.web.servlet.MockMvcWebClientAutoConfiguration, org.springframework.boot.test.autoconfigure.web.servlet.MockMvcWebDriverAutoConfiguration, org.springframework.boot.autoconfigure.security.oauth2.client.servlet.OAuth2ClientAutoConfiguration, org.springframework.boot.autoconfigure.security.oauth2.resource.servlet.OAuth2ResourceServerAutoConfiguration, org.springframework.boot.autoconfigure.security.servlet.SecurityAutoConfiguration, org.springframework.boot.autoconfigure.security.servlet.SecurityFilterAutoConfiguration, org.springframework.boot.autoconfigure.security.servlet.UserDetailsServiceAutoConfiguration, org.springframework.boot.test.autoconfigure.web.servlet.MockMvcSecurityConfiguration]], org.springframework.boot.test.context.filter.ExcludeFilterContextCustomizer@6d23017e, org.springframework.boot.test.json.DuplicateJsonObjectContextCustomizerFactory$DuplicateJsonObjectContextCustomizer@767e20cf, org.springframework.boot.test.mock.mockito.MockitoContextCustomizer@0, org.springframework.boot.test.web.client.TestRestTemplateContextCustomizer@3b00856b, org.springframework.boot.test.context.SpringBootTestArgs@1, org.springframework.boot.test.context.SpringBootTestWebEnvironment@4efac082], resourceBasePath = 'src/main/webapp', contextLoader = 'org.springframework.boot.test.context.SpringBootContextLoader', parent = [null]], attributes = map['org.springframework.test.context.web.ServletTestExecutionListener.activateListener' -> false, 'org.springframework.test.context.event.ApplicationEventsTestExecutionListener.recordApplicationEvents' -> false]]
]]></system-out>
  <system-err><![CDATA[]]></system-err>
</testsuite>
